This file contains any messages produced by compilers while
running configure, to aid debugging if configure makes a mistake.

It was created by Shelf configure 1.0, which was
generated by GNU Autoconf 2.68.  Invocation command line was

  $ ./configure --with-guilesitedir=/usr/local/share/guile/site/2.0

## --------- ##
## Platform. ##
## --------- ##

hostname = mark-toshiba
uname -m = i686
uname -r = 3.2.0-997-generic-pae
uname -s = Linux
uname -v = #201201050433 SMP Thu Jan 5 09:50:49 UTC 2012

/usr/bin/uname -p = unknown
/bin/uname -X     = unknown

/bin/arch              = unknown
/usr/bin/arch -k       = unknown
/usr/convex/getsysinfo = unknown
/usr/bin/hostinfo      = unknown
/bin/machine           = unknown
/usr/bin/oslevel       = unknown
/bin/universe          = unknown

PATH: /home/mark/bin
PATH: /usr/lib/lightdm/lightdm
PATH: /usr/local/sbin
PATH: /usr/local/bin
PATH: /usr/sbin
PATH: /usr/bin
PATH: /sbin
PATH: /bin
PATH: /usr/games
PATH: /home/mark/bin
PATH: /home/mark/RTcmix-all-100611/bin
PATH: /usr/local/Gambit-C/bin
PATH: /home/mark/RTcmix/bin
PATH: /home/mark/bin
PATH: /home/mark/bin/facebook-notify


## ----------- ##
## Core tests. ##
## ----------- ##

configure:2143: checking for a BSD-compatible install
configure:2211: result: /usr/bin/install -c
configure:2222: checking whether build environment is sane
configure:2272: result: yes
configure:2413: checking for a thread-safe mkdir -p
configure:2452: result: /bin/mkdir -p
configure:2465: checking for gawk
configure:2481: found /usr/bin/gawk
configure:2492: result: gawk
configure:2503: checking whether make sets $(MAKE)
configure:2525: result: yes
configure:2655: checking build system type
configure:2669: result: i686-pc-linux-gnu
configure:2689: checking host system type
configure:2702: result: i686-pc-linux-gnu
configure:2743: checking how to print strings
configure:2770: result: printf
configure:2803: checking for style of include used by make
configure:2831: result: GNU
configure:2901: checking for gcc
configure:2917: found /usr/bin/gcc
configure:2928: result: gcc
configure:3157: checking for C compiler version
configure:3166: gcc --version >&5
gcc (Ubuntu/Linaro 4.6.1-9ubuntu3) 4.6.1
Copyright (C) 2011 Free Software Foundation, Inc.
This is free software; see the source for copying conditions.  There is NO
warranty; not even for MERCHANTABILITY or FITNESS FOR A PARTICULAR PURPOSE.

configure:3177: $? = 0
configure:3166: gcc -v >&5
Using built-in specs.
COLLECT_GCC=gcc
COLLECT_LTO_WRAPPER=/usr/lib/gcc/i686-linux-gnu/4.6.1/lto-wrapper
Target: i686-linux-gnu
Configured with: ../src/configure -v --with-pkgversion='Ubuntu/Linaro 4.6.1-9ubuntu3' --with-bugurl=file:///usr/share/doc/gcc-4.6/README.Bugs --enable-languages=c,c++,fortran,objc,obj-c++,go --prefix=/usr --program-suffix=-4.6 --enable-shared --enable-linker-build-id --with-system-zlib --libexecdir=/usr/lib --without-included-gettext --enable-threads=posix --with-gxx-include-dir=/usr/include/c++/4.6 --libdir=/usr/lib --enable-nls --with-sysroot=/ --enable-clocale=gnu --enable-libstdcxx-debug --enable-libstdcxx-time=yes --enable-plugin --enable-objc-gc --enable-targets=all --disable-werror --with-arch-32=i686 --with-tune=generic --enable-checking=release --build=i686-linux-gnu --host=i686-linux-gnu --target=i686-linux-gnu
Thread model: posix
gcc version 4.6.1 (Ubuntu/Linaro 4.6.1-9ubuntu3) 
configure:3177: $? = 0
configure:3166: gcc -V >&5
gcc: error: unrecognized option '-V'
gcc: fatal error: no input files
compilation terminated.
configure:3177: $? = 4
configure:3166: gcc -qversion >&5
gcc: error: unrecognized option '-qversion'
gcc: fatal error: no input files
compilation terminated.
configure:3177: $? = 4
configure:3197: checking whether the C compiler works
configure:3219: gcc    conftest.c  >&5
configure:3223: $? = 0
configure:3271: result: yes
configure:3274: checking for C compiler default output file name
configure:3276: result: a.out
configure:3282: checking for suffix of executables
configure:3289: gcc -o conftest    conftest.c  >&5
configure:3293: $? = 0
configure:3315: result: 
configure:3337: checking whether we are cross compiling
configure:3345: gcc -o conftest    conftest.c  >&5
configure:3349: $? = 0
configure:3356: ./conftest
configure:3360: $? = 0
configure:3375: result: no
configure:3380: checking for suffix of object files
configure:3402: gcc -c   conftest.c >&5
configure:3406: $? = 0
configure:3427: result: o
configure:3431: checking whether we are using the GNU C compiler
configure:3450: gcc -c   conftest.c >&5
configure:3450: $? = 0
configure:3459: result: yes
configure:3468: checking whether gcc accepts -g
configure:3488: gcc -c -g  conftest.c >&5
configure:3488: $? = 0
configure:3529: result: yes
configure:3546: checking for gcc option to accept ISO C89
configure:3610: gcc  -c -g -O2  conftest.c >&5
configure:3610: $? = 0
configure:3623: result: none needed
configure:3645: checking dependency style of gcc
configure:3755: result: none
configure:3770: checking for a sed that does not truncate output
configure:3834: result: /bin/sed
configure:3852: checking for grep that handles long lines and -e
configure:3910: result: /bin/grep
configure:3915: checking for egrep
configure:3977: result: /bin/grep -E
configure:3982: checking for fgrep
configure:4044: result: /bin/grep -F
configure:4079: checking for ld used by gcc
configure:4146: result: /usr/bin/ld
configure:4153: checking if the linker (/usr/bin/ld) is GNU ld
configure:4168: result: yes
configure:4180: checking for BSD- or MS-compatible name lister (nm)
configure:4229: result: /usr/bin/nm -B
configure:4359: checking the name lister (/usr/bin/nm -B) interface
configure:4366: gcc -c -g -O2  conftest.c >&5
configure:4369: /usr/bin/nm -B "conftest.o"
configure:4372: output
00000000 B some_variable
configure:4379: result: BSD nm
configure:4382: checking whether ln -s works
configure:4386: result: yes
configure:4394: checking the maximum length of command line arguments
configure:4519: result: 1572864
configure:4536: checking whether the shell understands some XSI constructs
configure:4546: result: yes
configure:4550: checking whether the shell understands "+="
configure:4556: result: yes
configure:4591: checking how to convert i686-pc-linux-gnu file names to i686-pc-linux-gnu format
configure:4631: result: func_convert_file_noop
configure:4638: checking how to convert i686-pc-linux-gnu file names to toolchain format
configure:4658: result: func_convert_file_noop
configure:4665: checking for /usr/bin/ld option to reload object files
configure:4672: result: -r
configure:4746: checking for objdump
configure:4762: found /usr/bin/objdump
configure:4773: result: objdump
configure:4802: checking how to recognize dependent libraries
configure:5004: result: pass_all
configure:5089: checking for dlltool
configure:5119: result: no
configure:5146: checking how to associate runtime and link libraries
configure:5173: result: printf %s\n
configure:5234: checking for ar
configure:5250: found /usr/bin/ar
configure:5261: result: ar
configure:5298: checking for archiver @FILE support
configure:5315: gcc -c -g -O2  conftest.c >&5
configure:5315: $? = 0
configure:5318: ar cru libconftest.a @conftest.lst >&5
configure:5321: $? = 0
configure:5326: ar cru libconftest.a @conftest.lst >&5
ar: conftest.o: No such file or directory
configure:5329: $? = 1
configure:5341: result: @
configure:5399: checking for strip
configure:5415: found /usr/bin/strip
configure:5426: result: strip
configure:5498: checking for ranlib
configure:5514: found /usr/bin/ranlib
configure:5525: result: ranlib
configure:5627: checking command to parse /usr/bin/nm -B output from gcc object
configure:5746: gcc -c -g -O2  conftest.c >&5
configure:5749: $? = 0
configure:5753: /usr/bin/nm -B conftest.o \| sed -n -e 's/^.*[ ]\([ABCDGIRSTW][ABCDGIRSTW]*\)[ ][ ]*\([_A-Za-z][_A-Za-z0-9]*\)$/\1 \2 \2/p' | sed '/ __gnu_lto/d' \> conftest.nm
configure:5756: $? = 0
configure:5822: gcc -o conftest -g -O2   conftest.c conftstm.o >&5
configure:5825: $? = 0
configure:5863: result: ok
configure:5900: checking for sysroot
configure:5930: result: no
configure:6173: checking for mt
configure:6189: found /bin/mt
configure:6200: result: mt
configure:6223: checking if mt is a manifest tool
configure:6229: mt '-?'
configure:6237: result: no
configure:6869: checking how to run the C preprocessor
configure:6900: gcc -E  conftest.c
configure:6900: $? = 0
configure:6914: gcc -E  conftest.c
conftest.c:11:28: fatal error: ac_nonexistent.h: No such file or directory
compilation terminated.
configure:6914: $? = 1
configure: failed program was:
| /* confdefs.h */
| #define PACKAGE_NAME "Shelf"
| #define PACKAGE_TARNAME "shelf"
| #define PACKAGE_VERSION "1.0"
| #define PACKAGE_STRING "Shelf 1.0"
| #define PACKAGE_BUGREPORT "mark.d.witmer@gmail.com"
| #define PACKAGE_URL ""
| #define PACKAGE "shelf"
| #define VERSION "1.0"
| /* end confdefs.h.  */
| #include <ac_nonexistent.h>
configure:6939: result: gcc -E
configure:6959: gcc -E  conftest.c
configure:6959: $? = 0
configure:6973: gcc -E  conftest.c
conftest.c:11:28: fatal error: ac_nonexistent.h: No such file or directory
compilation terminated.
configure:6973: $? = 1
configure: failed program was:
| /* confdefs.h */
| #define PACKAGE_NAME "Shelf"
| #define PACKAGE_TARNAME "shelf"
| #define PACKAGE_VERSION "1.0"
| #define PACKAGE_STRING "Shelf 1.0"
| #define PACKAGE_BUGREPORT "mark.d.witmer@gmail.com"
| #define PACKAGE_URL ""
| #define PACKAGE "shelf"
| #define VERSION "1.0"
| /* end confdefs.h.  */
| #include <ac_nonexistent.h>
configure:7002: checking for ANSI C header files
configure:7022: gcc -c -g -O2  conftest.c >&5
configure:7022: $? = 0
configure:7095: gcc -o conftest -g -O2   conftest.c  >&5
configure:7095: $? = 0
configure:7095: ./conftest
configure:7095: $? = 0
configure:7106: result: yes
configure:7119: checking for sys/types.h
configure:7119: gcc -c -g -O2  conftest.c >&5
configure:7119: $? = 0
configure:7119: result: yes
configure:7119: checking for sys/stat.h
configure:7119: gcc -c -g -O2  conftest.c >&5
configure:7119: $? = 0
configure:7119: result: yes
configure:7119: checking for stdlib.h
configure:7119: gcc -c -g -O2  conftest.c >&5
configure:7119: $? = 0
configure:7119: result: yes
configure:7119: checking for string.h
configure:7119: gcc -c -g -O2  conftest.c >&5
configure:7119: $? = 0
configure:7119: result: yes
configure:7119: checking for memory.h
configure:7119: gcc -c -g -O2  conftest.c >&5
configure:7119: $? = 0
configure:7119: result: yes
configure:7119: checking for strings.h
configure:7119: gcc -c -g -O2  conftest.c >&5
configure:7119: $? = 0
configure:7119: result: yes
configure:7119: checking for inttypes.h
configure:7119: gcc -c -g -O2  conftest.c >&5
configure:7119: $? = 0
configure:7119: result: yes
configure:7119: checking for stdint.h
configure:7119: gcc -c -g -O2  conftest.c >&5
configure:7119: $? = 0
configure:7119: result: yes
configure:7119: checking for unistd.h
configure:7119: gcc -c -g -O2  conftest.c >&5
configure:7119: $? = 0
configure:7119: result: yes
configure:7133: checking for dlfcn.h
configure:7133: gcc -c -g -O2  conftest.c >&5
configure:7133: $? = 0
configure:7133: result: yes
configure:7615: checking for objdir
configure:7630: result: .libs
configure:7901: checking if gcc supports -fno-rtti -fno-exceptions
configure:7919: gcc -c -g -O2  -fno-rtti -fno-exceptions conftest.c >&5
cc1: warning: command line option '-fno-rtti' is valid for C++/ObjC++ but not for C [enabled by default]
configure:7923: $? = 0
configure:7936: result: no
configure:8246: checking for gcc option to produce PIC
configure:8253: result: -fPIC -DPIC
configure:8261: checking if gcc PIC flag -fPIC -DPIC works
configure:8279: gcc -c -g -O2  -fPIC -DPIC -DPIC conftest.c >&5
configure:8283: $? = 0
configure:8296: result: yes
configure:8325: checking if gcc static flag -static works
configure:8353: result: yes
configure:8368: checking if gcc supports -c -o file.o
configure:8389: gcc -c -g -O2  -o out/conftest2.o conftest.c >&5
configure:8393: $? = 0
configure:8415: result: yes
configure:8423: checking if gcc supports -c -o file.o
configure:8470: result: yes
configure:8503: checking whether the gcc linker (/usr/bin/ld) supports shared libraries
configure:9665: result: yes
configure:9702: checking whether -lc should be explicitly linked in
configure:9710: gcc -c -g -O2  conftest.c >&5
configure:9713: $? = 0
configure:9728: gcc -shared  -fPIC -DPIC conftest.o  -v -Wl,-soname -Wl,conftest -o conftest 2\>\&1 \| /bin/grep  -lc  \>/dev/null 2\>\&1
configure:9731: $? = 0
configure:9745: result: no
configure:9910: checking dynamic linker characteristics
configure:10425: gcc -o conftest -g -O2   -Wl,-rpath -Wl,/foo conftest.c  >&5
configure:10425: $? = 0
configure:10659: result: GNU/Linux ld.so
configure:10766: checking how to hardcode library paths into programs
configure:10791: result: immediate
configure:10885: checking for shl_load
configure:10885: gcc -o conftest -g -O2   conftest.c  >&5
/tmp/ccHG0BnL.o: In function `main':
/home/mark/development/shelf/conftest.c:57: undefined reference to `shl_load'
collect2: ld returned 1 exit status
configure:10885: $? = 1
configure: failed program was:
| /* confdefs.h */
| #define PACKAGE_NAME "Shelf"
| #define PACKAGE_TARNAME "shelf"
| #define PACKAGE_VERSION "1.0"
| #define PACKAGE_STRING "Shelf 1.0"
| #define PACKAGE_BUGREPORT "mark.d.witmer@gmail.com"
| #define PACKAGE_URL ""
| #define PACKAGE "shelf"
| #define VERSION "1.0"
| #define STDC_HEADERS 1
| #define HAVE_SYS_TYPES_H 1
| #define HAVE_SYS_STAT_H 1
| #define HAVE_STDLIB_H 1
| #define HAVE_STRING_H 1
| #define HAVE_MEMORY_H 1
| #define HAVE_STRINGS_H 1
| #define HAVE_INTTYPES_H 1
| #define HAVE_STDINT_H 1
| #define HAVE_UNISTD_H 1
| #define HAVE_DLFCN_H 1
| #define LT_OBJDIR ".libs/"
| /* end confdefs.h.  */
| /* Define shl_load to an innocuous variant, in case <limits.h> declares shl_load.
|    For example, HP-UX 11i <limits.h> declares gettimeofday.  */
| #define shl_load innocuous_shl_load
| 
| /* System header to define __stub macros and hopefully few prototypes,
|     which can conflict with char shl_load (); below.
|     Prefer <limits.h> to <assert.h> if __STDC__ is defined, since
|     <limits.h> exists even on freestanding compilers.  */
| 
| #ifdef __STDC__
| # include <limits.h>
| #else
| # include <assert.h>
| #endif
| 
| #undef shl_load
| 
| /* Override any GCC internal prototype to avoid an error.
|    Use char because int might match the return type of a GCC
|    builtin and then its argument prototype would still apply.  */
| #ifdef __cplusplus
| extern "C"
| #endif
| char shl_load ();
| /* The GNU C library defines this for functions which it implements
|     to always fail with ENOSYS.  Some functions are actually named
|     something starting with __ and the normal name is an alias.  */
| #if defined __stub_shl_load || defined __stub___shl_load
| choke me
| #endif
| 
| int
| main ()
| {
| return shl_load ();
|   ;
|   return 0;
| }
configure:10885: result: no
configure:10889: checking for shl_load in -ldld
configure:10914: gcc -o conftest -g -O2   conftest.c -ldld   >&5
/usr/bin/ld: cannot find -ldld
collect2: ld returned 1 exit status
configure:10914: $? = 1
configure: failed program was:
| /* confdefs.h */
| #define PACKAGE_NAME "Shelf"
| #define PACKAGE_TARNAME "shelf"
| #define PACKAGE_VERSION "1.0"
| #define PACKAGE_STRING "Shelf 1.0"
| #define PACKAGE_BUGREPORT "mark.d.witmer@gmail.com"
| #define PACKAGE_URL ""
| #define PACKAGE "shelf"
| #define VERSION "1.0"
| #define STDC_HEADERS 1
| #define HAVE_SYS_TYPES_H 1
| #define HAVE_SYS_STAT_H 1
| #define HAVE_STDLIB_H 1
| #define HAVE_STRING_H 1
| #define HAVE_MEMORY_H 1
| #define HAVE_STRINGS_H 1
| #define HAVE_INTTYPES_H 1
| #define HAVE_STDINT_H 1
| #define HAVE_UNISTD_H 1
| #define HAVE_DLFCN_H 1
| #define LT_OBJDIR ".libs/"
| /* end confdefs.h.  */
| 
| /* Override any GCC internal prototype to avoid an error.
|    Use char because int might match the return type of a GCC
|    builtin and then its argument prototype would still apply.  */
| #ifdef __cplusplus
| extern "C"
| #endif
| char shl_load ();
| int
| main ()
| {
| return shl_load ();
|   ;
|   return 0;
| }
configure:10923: result: no
configure:10928: checking for dlopen
configure:10928: gcc -o conftest -g -O2   conftest.c  >&5
/tmp/cc4AWRdU.o: In function `main':
/home/mark/development/shelf/conftest.c:57: undefined reference to `dlopen'
collect2: ld returned 1 exit status
configure:10928: $? = 1
configure: failed program was:
| /* confdefs.h */
| #define PACKAGE_NAME "Shelf"
| #define PACKAGE_TARNAME "shelf"
| #define PACKAGE_VERSION "1.0"
| #define PACKAGE_STRING "Shelf 1.0"
| #define PACKAGE_BUGREPORT "mark.d.witmer@gmail.com"
| #define PACKAGE_URL ""
| #define PACKAGE "shelf"
| #define VERSION "1.0"
| #define STDC_HEADERS 1
| #define HAVE_SYS_TYPES_H 1
| #define HAVE_SYS_STAT_H 1
| #define HAVE_STDLIB_H 1
| #define HAVE_STRING_H 1
| #define HAVE_MEMORY_H 1
| #define HAVE_STRINGS_H 1
| #define HAVE_INTTYPES_H 1
| #define HAVE_STDINT_H 1
| #define HAVE_UNISTD_H 1
| #define HAVE_DLFCN_H 1
| #define LT_OBJDIR ".libs/"
| /* end confdefs.h.  */
| /* Define dlopen to an innocuous variant, in case <limits.h> declares dlopen.
|    For example, HP-UX 11i <limits.h> declares gettimeofday.  */
| #define dlopen innocuous_dlopen
| 
| /* System header to define __stub macros and hopefully few prototypes,
|     which can conflict with char dlopen (); below.
|     Prefer <limits.h> to <assert.h> if __STDC__ is defined, since
|     <limits.h> exists even on freestanding compilers.  */
| 
| #ifdef __STDC__
| # include <limits.h>
| #else
| # include <assert.h>
| #endif
| 
| #undef dlopen
| 
| /* Override any GCC internal prototype to avoid an error.
|    Use char because int might match the return type of a GCC
|    builtin and then its argument prototype would still apply.  */
| #ifdef __cplusplus
| extern "C"
| #endif
| char dlopen ();
| /* The GNU C library defines this for functions which it implements
|     to always fail with ENOSYS.  Some functions are actually named
|     something starting with __ and the normal name is an alias.  */
| #if defined __stub_dlopen || defined __stub___dlopen
| choke me
| #endif
| 
| int
| main ()
| {
| return dlopen ();
|   ;
|   return 0;
| }
configure:10928: result: no
configure:10932: checking for dlopen in -ldl
configure:10957: gcc -o conftest -g -O2   conftest.c -ldl   >&5
configure:10957: $? = 0
configure:10966: result: yes
configure:11085: checking whether a program can dlopen itself
configure:11165: gcc -o conftest -g -O2  -DHAVE_DLFCN_H  -Wl,--export-dynamic conftest.c -ldl  >&5
configure:11168: $? = 0
configure:11186: result: yes
configure:11191: checking whether a statically linked program can dlopen itself
configure:11271: gcc -o conftest -g -O2  -DHAVE_DLFCN_H  -Wl,--export-dynamic -static conftest.c -ldl  >&5
/tmp/cctHjAPf.o: In function `main':
/home/mark/development/shelf/configure:11250: warning: Using 'dlopen' in statically linked applications requires at runtime the shared libraries from the glibc version used for linking
/usr/bin/ld: dynamic STT_GNU_IFUNC symbol `strcmp' with pointer equality in `/usr/lib/gcc/i686-linux-gnu/4.6.1/../../../i386-linux-gnu/libc.a(strcmp.o)' can not be used when making an executable; recompile with -fPIE and relink with -pie
collect2: ld returned 1 exit status
configure:11274: $? = 1
configure:11292: result: no
configure:11331: checking whether stripping libraries is possible
configure:11336: result: yes
configure:11371: checking if libtool supports shared libraries
configure:11373: result: yes
configure:11376: checking whether to build shared libraries
configure:11397: result: yes
configure:11400: checking whether to build static libraries
configure:11404: result: no
configure:11442: checking for guile
configure:11460: found /usr/local/bin/guile
configure:11472: result: /usr/local/bin/guile
configure:11486: checking for guile-config
configure:11504: found /usr/local/bin/guile-config
configure:11516: result: /usr/local/bin/guile-config
configure:11530: checking for guile-tools
configure:11548: found /usr/local/bin/guile-tools
configure:11560: result: /usr/local/bin/guile-tools
configure:11570: checking libguile compile flags
configure:11573: result: -pthread -I/usr/local/include/guile/2.0  
configure:11575: checking libguile link flags
configure:11578: result: -L/usr/local/lib -lguile-2.0 -lgc  
configure:11583: checking for Guile site directory
configure:11589: result: /usr/local/share/guile/site/2.0
configure:11770: creating ./config.status

## ---------------------- ##
## Running config.status. ##
## ---------------------- ##

This file was extended by Shelf config.status 1.0, which was
generated by GNU Autoconf 2.68.  Invocation command line was

  CONFIG_FILES    = 
  CONFIG_HEADERS  = 
  CONFIG_LINKS    = 
  CONFIG_COMMANDS = 
  $ ./config.status 

on mark-toshiba

config.status:1020: creating Makefile
config.status:1020: creating shelf/Makefile
config.status:1192: executing depfiles commands
config.status:1192: executing libtool commands

## ---------------- ##
## Cache variables. ##
## ---------------- ##

ac_cv_build=i686-pc-linux-gnu
ac_cv_c_compiler_gnu=yes
ac_cv_env_CC_set=
ac_cv_env_CC_value=
ac_cv_env_CFLAGS_set=
ac_cv_env_CFLAGS_value=
ac_cv_env_CPPFLAGS_set=
ac_cv_env_CPPFLAGS_value=
ac_cv_env_CPP_set=
ac_cv_env_CPP_value=
ac_cv_env_LDFLAGS_set=
ac_cv_env_LDFLAGS_value=
ac_cv_env_LIBS_set=
ac_cv_env_LIBS_value=
ac_cv_env_build_alias_set=
ac_cv_env_build_alias_value=
ac_cv_env_host_alias_set=
ac_cv_env_host_alias_value=
ac_cv_env_target_alias_set=
ac_cv_env_target_alias_value=
ac_cv_func_dlopen=no
ac_cv_func_shl_load=no
ac_cv_header_dlfcn_h=yes
ac_cv_header_inttypes_h=yes
ac_cv_header_memory_h=yes
ac_cv_header_stdc=yes
ac_cv_header_stdint_h=yes
ac_cv_header_stdlib_h=yes
ac_cv_header_string_h=yes
ac_cv_header_strings_h=yes
ac_cv_header_sys_stat_h=yes
ac_cv_header_sys_types_h=yes
ac_cv_header_unistd_h=yes
ac_cv_host=i686-pc-linux-gnu
ac_cv_lib_dl_dlopen=yes
ac_cv_lib_dld_shl_load=no
ac_cv_objext=o
ac_cv_path_EGREP='/bin/grep -E'
ac_cv_path_FGREP='/bin/grep -F'
ac_cv_path_GREP=/bin/grep
ac_cv_path_GUILE=/usr/local/bin/guile
ac_cv_path_GUILE_CONFIG=/usr/local/bin/guile-config
ac_cv_path_GUILE_TOOLS=/usr/local/bin/guile-tools
ac_cv_path_SED=/bin/sed
ac_cv_path_install='/usr/bin/install -c'
ac_cv_path_mkdir=/bin/mkdir
ac_cv_prog_AWK=gawk
ac_cv_prog_CPP='gcc -E'
ac_cv_prog_ac_ct_AR=ar
ac_cv_prog_ac_ct_CC=gcc
ac_cv_prog_ac_ct_MANIFEST_TOOL=mt
ac_cv_prog_ac_ct_OBJDUMP=objdump
ac_cv_prog_ac_ct_RANLIB=ranlib
ac_cv_prog_ac_ct_STRIP=strip
ac_cv_prog_cc_c89=
ac_cv_prog_cc_g=yes
ac_cv_prog_make_make_set=yes
am_cv_CC_dependencies_compiler_type=none
lt_cv_ar_at_file=@
lt_cv_archive_cmds_need_lc=no
lt_cv_deplibs_check_method=pass_all
lt_cv_dlopen=dlopen
lt_cv_dlopen_libs=-ldl
lt_cv_dlopen_self=yes
lt_cv_dlopen_self_static=no
lt_cv_file_magic_cmd='$MAGIC_CMD'
lt_cv_file_magic_test_file=
lt_cv_ld_reload_flag=-r
lt_cv_nm_interface='BSD nm'
lt_cv_objdir=.libs
lt_cv_path_LD=/usr/bin/ld
lt_cv_path_NM='/usr/bin/nm -B'
lt_cv_path_mainfest_tool=no
lt_cv_prog_compiler_c_o=yes
lt_cv_prog_compiler_pic='-fPIC -DPIC'
lt_cv_prog_compiler_pic_works=yes
lt_cv_prog_compiler_rtti_exceptions=no
lt_cv_prog_compiler_static_works=yes
lt_cv_prog_gnu_ld=yes
lt_cv_sharedlib_from_linklib_cmd='printf %s\n'
lt_cv_shlibpath_overrides_runpath=no
lt_cv_sys_global_symbol_pipe='sed -n -e '\''s/^.*[	 ]\([ABCDGIRSTW][ABCDGIRSTW]*\)[	 ][	 ]*\([_A-Za-z][_A-Za-z0-9]*\)$/\1 \2 \2/p'\'' | sed '\''/ __gnu_lto/d'\'''
lt_cv_sys_global_symbol_to_c_name_address='sed -n -e '\''s/^: \([^ ]*\)[ ]*$/  {\"\1\", (void *) 0},/p'\'' -e '\''s/^[ABCDGIRSTW]* \([^ ]*\) \([^ ]*\)$/  {"\2", (void *) \&\2},/p'\'''
lt_cv_sys_global_symbol_to_c_name_address_lib_prefix='sed -n -e '\''s/^: \([^ ]*\)[ ]*$/  {\"\1\", (void *) 0},/p'\'' -e '\''s/^[ABCDGIRSTW]* \([^ ]*\) \(lib[^ ]*\)$/  {"\2", (void *) \&\2},/p'\'' -e '\''s/^[ABCDGIRSTW]* \([^ ]*\) \([^ ]*\)$/  {"lib\2", (void *) \&\2},/p'\'''
lt_cv_sys_global_symbol_to_cdecl='sed -n -e '\''s/^T .* \(.*\)$/extern int \1();/p'\'' -e '\''s/^[ABCDGIRSTW]* .* \(.*\)$/extern char \1;/p'\'''
lt_cv_sys_max_cmd_len=1572864
lt_cv_to_host_file_cmd=func_convert_file_noop
lt_cv_to_tool_file_cmd=func_convert_file_noop

## ----------------- ##
## Output variables. ##
## ----------------- ##

ACLOCAL='${SHELL} /home/mark/development/shelf/build_aux/missing --run aclocal-1.11'
AMDEPBACKSLASH='\'
AMDEP_FALSE='#'
AMDEP_TRUE=''
AMTAR='${SHELL} /home/mark/development/shelf/build_aux/missing --run tar'
AR='ar'
AS='as'
AUTOCONF='${SHELL} /home/mark/development/shelf/build_aux/missing --run autoconf'
AUTOHEADER='${SHELL} /home/mark/development/shelf/build_aux/missing --run autoheader'
AUTOMAKE='${SHELL} /home/mark/development/shelf/build_aux/missing --run automake-1.11'
AWK='gawk'
CC='gcc'
CCDEPMODE='depmode=none'
CFLAGS='-g -O2'
CPP='gcc -E'
CPPFLAGS=''
CYGPATH_W='echo'
DEFS='-DPACKAGE_NAME=\"Shelf\" -DPACKAGE_TARNAME=\"shelf\" -DPACKAGE_VERSION=\"1.0\" -DPACKAGE_STRING=\"Shelf\ 1.0\" -DPACKAGE_BUGREPORT=\"mark.d.witmer@gmail.com\" -DPACKAGE_URL=\"\" -DPACKAGE=\"shelf\" -DVERSION=\"1.0\" -DSTDC_HEADERS=1 -DHAVE_SYS_TYPES_H=1 -DHAVE_SYS_STAT_H=1 -DHAVE_STDLIB_H=1 -DHAVE_STRING_H=1 -DHAVE_MEMORY_H=1 -DHAVE_STRINGS_H=1 -DHAVE_INTTYPES_H=1 -DHAVE_STDINT_H=1 -DHAVE_UNISTD_H=1 -DHAVE_DLFCN_H=1 -DLT_OBJDIR=\".libs/\"'
DEPDIR='.deps'
DLLTOOL='false'
DSYMUTIL=''
DUMPBIN=''
ECHO_C=''
ECHO_N='-n'
ECHO_T=''
EGREP='/bin/grep -E'
EXEEXT=''
FGREP='/bin/grep -F'
GREP='/bin/grep'
GUILE='/usr/local/bin/guile'
GUILE_CFLAGS='-pthread -I/usr/local/include/guile/2.0  '
GUILE_CONFIG='/usr/local/bin/guile-config'
GUILE_LDFLAGS='-L/usr/local/lib -lguile-2.0 -lgc  '
GUILE_SITE='/usr/local/share/guile/site/2.0'
GUILE_TOOLS='/usr/local/bin/guile-tools'
INSTALL_DATA='${INSTALL} -m 644'
INSTALL_PROGRAM='${INSTALL}'
INSTALL_SCRIPT='${INSTALL}'
INSTALL_STRIP_PROGRAM='$(install_sh) -c -s'
LD='/usr/bin/ld'
LDFLAGS=''
LIBGUILE_SHELF_INTERFACE='1:0:0'
LIBOBJS=''
LIBS=''
LIBTOOL='$(SHELL) $(top_builddir)/libtool'
LIPO=''
LN_S='ln -s'
LTLIBOBJS=''
MAKEINFO='${SHELL} /home/mark/development/shelf/build_aux/missing --run makeinfo'
MANIFEST_TOOL=':'
MKDIR_P='/bin/mkdir -p'
NM='/usr/bin/nm -B'
NMEDIT=''
OBJDUMP='objdump'
OBJEXT='o'
OTOOL64=''
OTOOL=''
PACKAGE='shelf'
PACKAGE_BUGREPORT='mark.d.witmer@gmail.com'
PACKAGE_NAME='Shelf'
PACKAGE_STRING='Shelf 1.0'
PACKAGE_TARNAME='shelf'
PACKAGE_URL=''
PACKAGE_VERSION='1.0'
PATH_SEPARATOR=':'
RANLIB='ranlib'
SED='/bin/sed'
SET_MAKE=''
SHELL='/bin/bash'
STRIP='strip'
VERSION='1.0'
ac_ct_AR='ar'
ac_ct_CC='gcc'
ac_ct_DUMPBIN=''
am__EXEEXT_FALSE=''
am__EXEEXT_TRUE='#'
am__fastdepCC_FALSE=''
am__fastdepCC_TRUE='#'
am__include='include'
am__isrc=''
am__leading_dot='.'
am__quote=''
am__tar='${AMTAR} chof - "$$tardir"'
am__untar='${AMTAR} xf -'
bindir='${exec_prefix}/bin'
build='i686-pc-linux-gnu'
build_alias=''
build_cpu='i686'
build_os='linux-gnu'
build_vendor='pc'
datadir='${datarootdir}'
datarootdir='${prefix}/share'
docdir='${datarootdir}/doc/${PACKAGE_TARNAME}'
dvidir='${docdir}'
exec_prefix='${prefix}'
guilesitedir='/usr/local/share/guile/site/2.0'
host='i686-pc-linux-gnu'
host_alias=''
host_cpu='i686'
host_os='linux-gnu'
host_vendor='pc'
htmldir='${docdir}'
includedir='${prefix}/include'
infodir='${datarootdir}/info'
install_sh='${SHELL} /home/mark/development/shelf/build_aux/install-sh'
libdir='${exec_prefix}/lib'
libexecdir='${exec_prefix}/libexec'
localedir='${datarootdir}/locale'
localstatedir='${prefix}/var'
mandir='${datarootdir}/man'
mkdir_p='/bin/mkdir -p'
oldincludedir='/usr/include'
pdfdir='${docdir}'
prefix='/usr/local'
program_transform_name='s,x,x,'
psdir='${docdir}'
sbindir='${exec_prefix}/sbin'
sharedstatedir='${prefix}/com'
sysconfdir='${prefix}/etc'
target_alias=''

## ----------- ##
## confdefs.h. ##
## ----------- ##

/* confdefs.h */
#define PACKAGE_NAME "Shelf"
#define PACKAGE_TARNAME "shelf"
#define PACKAGE_VERSION "1.0"
#define PACKAGE_STRING "Shelf 1.0"
#define PACKAGE_BUGREPORT "mark.d.witmer@gmail.com"
#define PACKAGE_URL ""
#define PACKAGE "shelf"
#define VERSION "1.0"
#define STDC_HEADERS 1
#define HAVE_SYS_TYPES_H 1
#define HAVE_SYS_STAT_H 1
#define HAVE_STDLIB_H 1
#define HAVE_STRING_H 1
#define HAVE_MEMORY_H 1
#define HAVE_STRINGS_H 1
#define HAVE_INTTYPES_H 1
#define HAVE_STDINT_H 1
#define HAVE_UNISTD_H 1
#define HAVE_DLFCN_H 1
#define LT_OBJDIR ".libs/"

configure: exit 0
